<?xml version="1.0" encoding="UTF-8"?>
<testsuite name="agh.ii.prinjava.lab04.exc04_02.impl.MyStackDLLBImplTest" tests="1" skipped="0" failures="0" errors="0" timestamp="2021-10-20T15:49:10" hostname="DESKTOP-A8149C2" time="0.002">
  <properties/>
  <testcase name="newStackIsEmpty()" classname="agh.ii.prinjava.lab04.exc04_02.impl.MyStackDLLBImplTest" time="0.002"/>
  <system-out><![CDATA[]]></system-out>
  <system-err><![CDATA[]]></system-err>
</testsuite>
