<?xml version="1.0" encoding="UTF-8"?>
<testsuite name="agh.ii.prinjava.lab04.exc04_01.PairTest" tests="1" skipped="0" failures="0" errors="0" timestamp="2021-10-20T15:49:10" hostname="DESKTOP-A8149C2" time="0.033">
  <properties/>
  <testcase name="t1()" classname="agh.ii.prinjava.lab04.exc04_01.PairTest" time="0.033"/>
  <system-out><![CDATA[]]></system-out>
  <system-err><![CDATA[]]></system-err>
</testsuite>
